app/build/outputs/logs/manifest-merger-debug-report.txt
-- Merging decision tree log ---
manifest
ADDED from src/main/AndroidManifest.xml:3:1-65:12
	package
		ADDED from src/main/AndroidManifest.xml:4:5-27
		INJECTED from src/main/AndroidManifest.xml
		INJECTED from src/main/AndroidManifest.xml
	android:versionName
		ADDED from src/main/AndroidManifest.xml:7:5-30
		INJECTED from src/main/AndroidManifest.xml
		INJECTED from src/main/AndroidManifest.xml
	android:versionCode
		ADDED from src/main/AndroidManifest.xml:6:5-28
		INJECTED from src/main/AndroidManifest.xml
		INJECTED from src/main/AndroidManifest.xml
	xmlns:android
		ADDED from src/main/AndroidManifest.xml:3:11-69
	android:installLocation
		ADDED from src/main/AndroidManifest.xml:5:5-35
uses-permission#android.permission.INTERNET
ADDED from src/main/AndroidManifest.xml:9:5-83
	android:name
		ADDED from src/main/AndroidManifest.xml:9:22-64
uses-permission#android.permission.WRITE_EXTERNAL_STORAGE
ADDED from src/main/AndroidManifest.xml:10:5-97
	android:name
		ADDED from src/main/AndroidManifest.xml:10:22-78
uses-sdk
ADDED from src/main/AndroidManifest.xml:12:5-14:41
	android:targetSdkVersion
		ADDED from src/main/AndroidManifest.xml:14:9-38
		INJECTED from src/main/AndroidManifest.xml
		INJECTED from src/main/AndroidManifest.xml
	android:minSdkVersion
		ADDED from src/main/AndroidManifest.xml:13:9-34
		INJECTED from src/main/AndroidManifest.xml
		INJECTED from src/main/AndroidManifest.xml
supports-screens
ADDED from src/main/AndroidManifest.xml:15:5-21:40
	android:largeScreens
		ADDED from src/main/AndroidManifest.xml:17:9-36
	android:smallScreens
		ADDED from src/main/AndroidManifest.xml:20:9-36
	android:normalScreens
		ADDED from src/main/AndroidManifest.xml:18:9-37
	android:xlargeScreens
		ADDED from src/main/AndroidManifest.xml:21:9-37
	android:resizeable
		ADDED from src/main/AndroidManifest.xml:19:9-34
	android:anyDensity
		ADDED from src/main/AndroidManifest.xml:16:9-34
application
ADDED from src/main/AndroidManifest.xml:22:5-64:19
	android:label
		ADDED from src/main/AndroidManifest.xml:25:9-41
	android:testOnly
		ADDED from src/main/AndroidManifest.xml:26:9-33
	android:allowBackup
		ADDED from src/main/AndroidManifest.xml:23:9-35
	android:icon
		ADDED from src/main/AndroidManifest.xml:24:9-38
activity#ro.ds.tpt.SplashScreen
ADDED from src/main/AndroidManifest.xml:27:9-34:20
	android:label
		ADDED from src/main/AndroidManifest.xml:29:13-45
	android:name
		ADDED from src/main/AndroidManifest.xml:28:13-50
intent-filter#android.intent.action.MAIN+android.intent.category.LAUNCHER
ADDED from src/main/AndroidManifest.xml:30:13-33:29
action#android.intent.action.MAIN
ADDED from src/main/AndroidManifest.xml:31:17-69
	android:name
		ADDED from src/main/AndroidManifest.xml:31:25-66
category#android.intent.category.LAUNCHER
ADDED from src/main/AndroidManifest.xml:32:17-77
	android:name
		ADDED from src/main/AndroidManifest.xml:32:27-74
activity#ro.ds.tpt.LoadCity
ADDED from src/main/AndroidManifest.xml:35:9-54
	android:name
		ADDED from src/main/AndroidManifest.xml:35:19-52
activity#ro.ds.tpt.ViewCatFavorites
ADDED from src/main/AndroidManifest.xml:36:9-63
	android:name
		ADDED from src/main/AndroidManifest.xml:36:19-60
activity#ro.ds.tpt.ViewCatTrams
ADDED from src/main/AndroidManifest.xml:37:9-59
	android:name
		ADDED from src/main/AndroidManifest.xml:37:19-56
activity#ro.ds.tpt.ViewCatBusses
ADDED from src/main/AndroidManifest.xml:38:9-60
	android:name
		ADDED from src/main/AndroidManifest.xml:38:19-57
activity#ro.ds.tpt.ViewCatTrolleys
ADDED from src/main/AndroidManifest.xml:39:9-62
	android:name
		ADDED from src/main/AndroidManifest.xml:39:19-59
activity#ro.ds.tpt.ViewTimes
ADDED from src/main/AndroidManifest.xml:40:9-56
	android:name
		ADDED from src/main/AndroidManifest.xml:40:19-53
activity#ro.ds.tpt.ViewCredits
ADDED from src/main/AndroidManifest.xml:41:9-58
	android:name
		ADDED from src/main/AndroidManifest.xml:41:19-55
activity#ro.ds.tpt.ViewUserCredits
ADDED from src/main/AndroidManifest.xml:42:9-62
	android:name
		ADDED from src/main/AndroidManifest.xml:42:19-59
activity#ro.ds.tpt.Preferences
ADDED from src/main/AndroidManifest.xml:43:9-58
	android:name
		ADDED from src/main/AndroidManifest.xml:43:19-55
service#ro.ds.tpt.data.DataService
ADDED from src/main/AndroidManifest.xml:45:9-54:19
	android:label
		ADDED from src/main/AndroidManifest.xml:48:13-49
	android:permission
		ADDED from src/main/AndroidManifest.xml:49:13-61
	android:icon
		ADDED from src/main/AndroidManifest.xml:47:13-42
	android:name
		ADDED from src/main/AndroidManifest.xml:46:13-54
intent-filter#ro.mihai.tpt.UPDATE_LINE+ro.mihai.tpt.UPDATE_STATIONS
ADDED from src/main/AndroidManifest.xml:50:13-53:29
action#ro.mihai.tpt.UPDATE_LINE
ADDED from src/main/AndroidManifest.xml:51:17-67
	android:name
		ADDED from src/main/AndroidManifest.xml:51:25-64
action#ro.mihai.tpt.UPDATE_STATIONS
ADDED from src/main/AndroidManifest.xml:52:17-71
	android:name
		ADDED from src/main/AndroidManifest.xml:52:25-68
receiver#ro.ds.tpt.WidgetStation
ADDED from src/main/AndroidManifest.xml:55:9-62:20
	android:name
		ADDED from src/main/AndroidManifest.xml:55:19-57
intent-filter#android.appwidget.action.APPWIDGET_UPDATE
ADDED from src/main/AndroidManifest.xml:56:13-58:29
action#android.appwidget.action.APPWIDGET_UPDATE
ADDED from src/main/AndroidManifest.xml:57:17-84
	android:name
		ADDED from src/main/AndroidManifest.xml:57:25-81
meta-data#android.appwidget.provider
ADDED from src/main/AndroidManifest.xml:59:13-61:67
	android:resource
		ADDED from src/main/AndroidManifest.xml:61:17-64
	android:name
		ADDED from src/main/AndroidManifest.xml:60:17-58